<?xml version="1.0" encoding="UTF-8"?>
<!-- Generated by org.testng.reporters.JUnitXMLReporter -->
<testsuite ignored="0" hostname="GACDTL03PJ558W" failures="0" tests="1" name="Test" time="9.999" errors="0" timestamp="19 Jun 2019 21:01:22 GMT">
  <testcase classname="WordPressTCs.LoginPageTestCasesPageFactory" name="@AfterClass ClickPost" time="0.003">
    <failure type="java.lang.NullPointerException">
      <![CDATA[java.lang.NullPointerException
at org.openqa.selenium.support.pagefactory.DefaultElementLocator.findElement(DefaultElementLocator.java:69)
at org.openqa.selenium.support.pagefactory.internal.LocatingElementHandler.invoke(LocatingElementHandler.java:38)
at com.sun.proxy.$Proxy12.click(Unknown Source)
at com.wordpress.Pagefactory.PostsPage.PostClick(PostsPage.java:40)
at WordPressTCs.LoginPageTestCasesPageFactory.ClickPost(LoginPageTestCasesPageFactory.java:42)
... Removed 26 stack frames]]>
    </failure>
  </testcase> <!-- @AfterClass ClickPost -->
  <testcase classname="WordPressTCs.LoginPageTestCasesPageFactory" name="ValidLoginVerification" time="9.956"/>
</testsuite> <!-- Test -->
